<?xml version="1.0" encoding="UTF-8"?>
<testsuite name="CustomerTest" tests="8" skipped="0" failures="0" errors="0" timestamp="2016-05-03T20:21:32" hostname="epicodus-55.local" time="0.145">
  <properties/>
  <testcase name="save_savesCustomerIdIntoDB_true" classname="CustomerTest" time="0.083"/>
  <testcase name="Customers_instantiatesCorrectly_true" classname="CustomerTest" time="0.005"/>
  <testcase name="getCustomers_initiallyEmpty" classname="CustomerTest" time="0.008"/>
  <testcase name="getCustomerInfo_returnsName_true" classname="CustomerTest" time="0.005"/>
  <testcase name="save_CheckCustomersAretheSameInDB" classname="CustomerTest" time="0.013"/>
  <testcase name="find_findsCustomersInDatabase_true" classname="CustomerTest" time="0.013"/>
  <testcase name="save_assignsIdToObject" classname="CustomerTest" time="0.013"/>
  <testcase name="equals_returnsTrueIfCustomersAretheSame" classname="CustomerTest" time="0.005"/>
  <system-out><![CDATA[]]></system-out>
  <system-err><![CDATA[]]></system-err>
</testsuite>
