<?xml version="1.0" encoding="UTF-8"?>
<testsuite name="CustomerTest" tests="9" skipped="0" failures="0" errors="0" timestamp="2016-05-05T18:49:24" hostname="epicodus-39.local" time="0.099">
  <properties/>
  <testcase name="save_savesCustomerIdIntoDB_true" classname="CustomerTest" time="0.019"/>
  <testcase name="Customers_instantiatesCorrectly_true" classname="CustomerTest" time="0.004"/>
  <testcase name="getCustomers_initiallyEmpty" classname="CustomerTest" time="0.008"/>
  <testcase name="getCustomerInfo_returnsName_true" classname="CustomerTest" time="0.004"/>
  <testcase name="save_CheckCustomersAretheSameInDB" classname="CustomerTest" time="0.013"/>
  <testcase name="find_findsCustomersInDatabase_true" classname="CustomerTest" time="0.013"/>
  <testcase name="save_assignsIdToObject" classname="CustomerTest" time="0.012"/>
  <testcase name="update_updatesCustomerId" classname="CustomerTest" time="0.017"/>
  <testcase name="equals_returnsTrueIfCustomersAretheSame" classname="CustomerTest" time="0.004"/>
  <system-out><![CDATA[]]></system-out>
  <system-err><![CDATA[]]></system-err>
</testsuite>
