<?xml version="1.0" encoding="UTF-8"?>
<testsuite name="AnimalTest" tests="8" skipped="0" failures="0" errors="0" timestamp="2016-05-05T18:45:01" hostname="epicodus-39.local" time="0.191">
  <properties/>
  <testcase name="save_savesCustomerIdIntoDB_true" classname="AnimalTest" time="0.114"/>
  <testcase name="save_CheckAnimalsAretheSameInDB" classname="AnimalTest" time="0.014"/>
  <testcase name="getAnimalInfo_returnsName_true" classname="AnimalTest" time="0.005"/>
  <testcase name="equals_returnsTrueIfAnimalsAretheSame" classname="AnimalTest" time="0.004"/>
  <testcase name="Animals_instantiatesCorrectly_true" classname="AnimalTest" time="0.004"/>
  <testcase name="save_assignsIdToObject" classname="AnimalTest" time="0.017"/>
  <testcase name="update_updatesCustomerId" classname="AnimalTest" time="0.018"/>
  <testcase name="find_findsAnimalsInDatabase_true" classname="AnimalTest" time="0.013"/>
  <system-out><![CDATA[]]></system-out>
  <system-err><![CDATA[]]></system-err>
</testsuite>
